2025-06-07 21:30:34,535 [ERROR] AppLogger: Signal generation failed for RSI_input0_params0: 'RSI' object has no attribute 'to_dict'
2025-06-07 21:30:34,546 [ERROR] AppLogger: Signal generation failed for RSI_input0_params1: 'RSI' object has no attribute 'to_dict'
2025-06-07 21:30:34,560 [ERROR] AppLogger: Signal generation failed for RSI_input0_params2: 'RSI' object has no attribute 'to_dict'
2025-06-07 21:30:34,568 [ERROR] AppLogger: Signal generation failed for RSI_input0_params3: 'RSI' object has no attribute 'to_dict'
2025-06-07 21:30:34,576 [ERROR] AppLogger: Signal generation failed for RSI_input0_params4: 'RSI' object has no attribute 'to_dict'
2025-06-07 21:30:34,592 [ERROR] AppLogger: Signal generation failed for MACD_input0_params0: 'MACD' object has no attribute 'to_dict'
2025-06-07 21:30:34,625 [ERROR] AppLogger: Signal generation failed for MACD_input0_params1: 'MACD' object has no attribute 'to_dict'
2025-06-07 21:30:34,641 [ERROR] AppLogger: Signal generation failed for MACD_input0_params2: 'MACD' object has no attribute 'to_dict'
2025-06-07 21:30:34,653 [ERROR] AppLogger: Signal generation failed for MACD_input0_params3: 'MACD' object has no attribute 'to_dict'
2025-06-07 21:30:34,658 [ERROR] AppLogger: Signal generation failed for MACD_input0_params4: 'MACD' object has no attribute 'to_dict'
2025-06-07 21:30:34,674 [ERROR] AppLogger: Signal generation failed for MACD_input0_params5: 'MACD' object has no attribute 'to_dict'
2025-06-07 21:30:34,684 [ERROR] AppLogger: Signal generation failed for MACD_input0_params6: 'MACD' object has no attribute 'to_dict'
2025-06-07 21:30:34,694 [ERROR] AppLogger: Signal generation failed for MACD_input0_params7: 'MACD' object has no attribute 'to_dict'
2025-06-07 21:41:19,118 [ERROR] AppLogger: Exception Occured in Main_Control.py:-'Logger' object is not callable
2025-06-07 21:51:34,759 [ERROR] AppLogger: Exception Occured in Main_Control.py:-'Logger' object is not callable
2025-06-07 21:52:52,254 [ERROR] AppLogger: Signal generation failed for RSI_input0_params0: 'float' object has no attribute 'index'
2025-06-07 21:52:52,269 [ERROR] AppLogger: Signal generation failed for RSI_input0_params1: 'float' object has no attribute 'index'
2025-06-07 21:52:52,277 [ERROR] AppLogger: Signal generation failed for RSI_input0_params2: 'float' object has no attribute 'index'
2025-06-07 21:52:52,294 [ERROR] AppLogger: Signal generation failed for RSI_input0_params3: 'float' object has no attribute 'index'
2025-06-07 21:52:52,305 [ERROR] AppLogger: Signal generation failed for RSI_input0_params4: 'float' object has no attribute 'index'
2025-06-07 21:56:24,021 [ERROR] AppLogger: Signal generation failed for RSI_input0_params0: 'float' object has no attribute 'index'
2025-06-07 21:56:24,352 [ERROR] AppLogger: Signal generation failed for RSI_input0_params1: 'float' object has no attribute 'index'
2025-06-07 21:56:24,989 [ERROR] AppLogger: Signal generation failed for RSI_input0_params2: 'float' object has no attribute 'index'
2025-06-07 21:56:25,452 [ERROR] AppLogger: Signal generation failed for RSI_input0_params3: 'float' object has no attribute 'index'
2025-06-07 21:56:26,067 [ERROR] AppLogger: Signal generation failed for RSI_input0_params4: 'float' object has no attribute 'index'
2025-06-07 21:58:32,924 [ERROR] AppLogger: Signal generation failed for MACD_input0_params0: 'float' object has no attribute 'index'
2025-06-07 21:58:33,264 [ERROR] AppLogger: Signal generation failed for MACD_input0_params1: 'float' object has no attribute 'index'
2025-06-07 21:58:33,574 [ERROR] AppLogger: Signal generation failed for MACD_input0_params2: 'float' object has no attribute 'index'
2025-06-07 21:58:33,891 [ERROR] AppLogger: Signal generation failed for MACD_input0_params3: 'float' object has no attribute 'index'
2025-06-07 21:58:34,182 [ERROR] AppLogger: Signal generation failed for MACD_input0_params4: 'float' object has no attribute 'index'
2025-06-07 21:58:34,483 [ERROR] AppLogger: Signal generation failed for MACD_input0_params5: 'float' object has no attribute 'index'
2025-06-07 21:58:34,779 [ERROR] AppLogger: Signal generation failed for MACD_input0_params6: 'float' object has no attribute 'index'
2025-06-07 21:58:35,090 [ERROR] AppLogger: Signal generation failed for MACD_input0_params7: 'float' object has no attribute 'index'
2025-06-07 21:59:51,002 [ERROR] AppLogger: Signal generation failed for MACD_input0_params0: 'float' object has no attribute 'index'
2025-06-07 21:59:51,534 [ERROR] AppLogger: Signal generation failed for MACD_input0_params1: 'float' object has no attribute 'index'
2025-06-07 21:59:51,850 [ERROR] AppLogger: Signal generation failed for MACD_input0_params2: 'float' object has no attribute 'index'
2025-06-07 21:59:52,164 [ERROR] AppLogger: Signal generation failed for MACD_input0_params3: 'float' object has no attribute 'index'
2025-06-07 21:59:52,459 [ERROR] AppLogger: Signal generation failed for MACD_input0_params4: 'float' object has no attribute 'index'
2025-06-07 21:59:52,798 [ERROR] AppLogger: Signal generation failed for MACD_input0_params5: 'float' object has no attribute 'index'
2025-06-07 21:59:53,285 [ERROR] AppLogger: Signal generation failed for MACD_input0_params6: 'float' object has no attribute 'index'
2025-06-07 21:59:53,754 [ERROR] AppLogger: Signal generation failed for MACD_input0_params7: 'float' object has no attribute 'index'
2025-06-07 22:16:35,370 [ERROR] AppLogger: Signal generation failed for RSI_input0_params0: 'RSI' object has no attribute 'to_dict'
2025-06-07 22:16:35,372 [ERROR] AppLogger: Signal generation failed for RSI_input0_params1: 'RSI' object has no attribute 'to_dict'
2025-06-07 22:16:35,378 [ERROR] AppLogger: Signal generation failed for RSI_input0_params2: 'RSI' object has no attribute 'to_dict'
2025-06-07 22:16:35,380 [ERROR] AppLogger: Signal generation failed for RSI_input0_params3: 'RSI' object has no attribute 'to_dict'
2025-06-07 22:16:35,380 [ERROR] AppLogger: Signal generation failed for RSI_input0_params4: 'RSI' object has no attribute 'to_dict'
2025-06-07 22:16:35,384 [ERROR] AppLogger: Signal generation failed for MACD_input0_params0: 'MACD' object has no attribute 'to_dict'
2025-06-07 22:16:35,387 [ERROR] AppLogger: Signal generation failed for MACD_input0_params1: 'MACD' object has no attribute 'to_dict'
2025-06-07 22:16:35,387 [ERROR] AppLogger: Signal generation failed for MACD_input0_params2: 'MACD' object has no attribute 'to_dict'
2025-06-07 22:16:35,393 [ERROR] AppLogger: Signal generation failed for MACD_input0_params3: 'MACD' object has no attribute 'to_dict'
2025-06-07 22:16:35,396 [ERROR] AppLogger: Signal generation failed for MACD_input0_params4: 'MACD' object has no attribute 'to_dict'
2025-06-07 22:16:35,396 [ERROR] AppLogger: Signal generation failed for MACD_input0_params5: 'MACD' object has no attribute 'to_dict'
2025-06-07 22:16:35,400 [ERROR] AppLogger: Signal generation failed for MACD_input0_params6: 'MACD' object has no attribute 'to_dict'
2025-06-07 22:16:35,406 [ERROR] AppLogger: Signal generation failed for MACD_input0_params7: 'MACD' object has no attribute 'to_dict'
2025-06-07 22:21:33,513 [ERROR] AppLogger: Signal generation failed for RSI_input0_params0: 'RSI' object has no attribute 'to_dict'
2025-06-07 22:21:33,515 [ERROR] AppLogger: Signal generation failed for RSI_input0_params1: 'RSI' object has no attribute 'to_dict'
2025-06-07 22:21:33,516 [ERROR] AppLogger: Signal generation failed for RSI_input0_params2: 'RSI' object has no attribute 'to_dict'
2025-06-07 22:21:33,518 [ERROR] AppLogger: Signal generation failed for RSI_input0_params3: 'RSI' object has no attribute 'to_dict'
2025-06-07 22:21:33,523 [ERROR] AppLogger: Signal generation failed for RSI_input0_params4: 'RSI' object has no attribute 'to_dict'
2025-06-07 22:21:33,527 [ERROR] AppLogger: Signal generation failed for MACD_input0_params0: 'MACD' object has no attribute 'to_dict'
2025-06-07 22:21:33,530 [ERROR] AppLogger: Signal generation failed for MACD_input0_params1: 'MACD' object has no attribute 'to_dict'
2025-06-07 22:21:33,532 [ERROR] AppLogger: Signal generation failed for MACD_input0_params2: 'MACD' object has no attribute 'to_dict'
2025-06-07 22:21:33,536 [ERROR] AppLogger: Signal generation failed for MACD_input0_params3: 'MACD' object has no attribute 'to_dict'
2025-06-07 22:21:33,537 [ERROR] AppLogger: Signal generation failed for MACD_input0_params4: 'MACD' object has no attribute 'to_dict'
2025-06-07 22:21:33,541 [ERROR] AppLogger: Signal generation failed for MACD_input0_params5: 'MACD' object has no attribute 'to_dict'
2025-06-07 22:21:33,546 [ERROR] AppLogger: Signal generation failed for MACD_input0_params6: 'MACD' object has no attribute 'to_dict'
2025-06-07 22:21:33,549 [ERROR] AppLogger: Signal generation failed for MACD_input0_params7: 'MACD' object has no attribute 'to_dict'
2025-06-07 22:24:51,605 [ERROR] AppLogger: Signal generation failed for RSI_input0_params0: The truth value of a Series is ambiguous. Use a.empty, a.bool(), a.item(), a.any() or a.all().
2025-06-07 22:24:51,614 [ERROR] AppLogger: Signal generation failed for RSI_input0_params1: The truth value of a Series is ambiguous. Use a.empty, a.bool(), a.item(), a.any() or a.all().
2025-06-07 22:24:51,621 [ERROR] AppLogger: Signal generation failed for RSI_input0_params2: The truth value of a Series is ambiguous. Use a.empty, a.bool(), a.item(), a.any() or a.all().
2025-06-07 22:24:51,630 [ERROR] AppLogger: Signal generation failed for RSI_input0_params3: The truth value of a Series is ambiguous. Use a.empty, a.bool(), a.item(), a.any() or a.all().
2025-06-07 22:24:51,641 [ERROR] AppLogger: Signal generation failed for RSI_input0_params4: The truth value of a Series is ambiguous. Use a.empty, a.bool(), a.item(), a.any() or a.all().
