2025-06-07 19:47:06,224 [WARNING] AppLogger: No indicator result for key: RSI_input0_params0
2025-06-07 19:47:06,225 [WARNING] AppLogger: No indicator result for key: RSI_input0_params1
2025-06-07 19:47:06,227 [WARNING] AppLogger: No indicator result for key: RSI_input0_params2
2025-06-07 19:47:06,228 [WARNING] AppLogger: No indicator result for key: RSI_input0_params3
2025-06-07 19:47:06,230 [WARNING] AppLogger: No indicator result for key: RSI_input0_params4
2025-06-07 19:47:06,231 [WARNING] AppLogger: No indicator result for key: MACD_input0_params0
2025-06-07 19:47:06,234 [WARNING] AppLogger: No indicator result for key: MACD_input0_params1
2025-06-07 19:47:06,235 [WARNING] AppLogger: No indicator result for key: MACD_input0_params2
2025-06-07 19:47:06,237 [WARNING] AppLogger: No indicator result for key: MACD_input0_params3
2025-06-07 19:47:06,238 [WARNING] AppLogger: No indicator result for key: MACD_input0_params4
2025-06-07 19:47:06,239 [WARNING] AppLogger: No indicator result for key: MACD_input0_params5
2025-06-07 19:47:06,241 [WARNING] AppLogger: No indicator result for key: MACD_input0_params6
2025-06-07 19:47:06,242 [WARNING] AppLogger: No indicator result for key: MACD_input0_params7
2025-06-07 19:52:41,922 [WARNING] AppLogger: No indicator result for key: RSI_input0_params0
2025-06-07 19:52:41,923 [WARNING] AppLogger: No indicator result for key: RSI_input0_params1
2025-06-07 19:52:41,925 [WARNING] AppLogger: No indicator result for key: RSI_input0_params2
2025-06-07 19:52:41,926 [WARNING] AppLogger: No indicator result for key: RSI_input0_params3
2025-06-07 19:52:41,927 [WARNING] AppLogger: No indicator result for key: RSI_input0_params4
2025-06-07 19:52:41,929 [WARNING] AppLogger: No indicator result for key: MACD_input0_params0
2025-06-07 19:52:41,931 [WARNING] AppLogger: No indicator result for key: MACD_input0_params1
2025-06-07 19:52:41,933 [WARNING] AppLogger: No indicator result for key: MACD_input0_params2
2025-06-07 19:52:41,935 [WARNING] AppLogger: No indicator result for key: MACD_input0_params3
2025-06-07 19:52:41,936 [WARNING] AppLogger: No indicator result for key: MACD_input0_params4
2025-06-07 19:52:41,937 [WARNING] AppLogger: No indicator result for key: MACD_input0_params5
2025-06-07 19:52:41,939 [WARNING] AppLogger: No indicator result for key: MACD_input0_params6
2025-06-07 19:52:41,940 [WARNING] AppLogger: No indicator result for key: MACD_input0_params7
2025-06-07 19:58:58,049 [WARNING] AppLogger: No indicator result for key: RSI_input0_params0
2025-06-07 19:58:58,051 [WARNING] AppLogger: No indicator result for key: RSI_input0_params1
2025-06-07 19:58:58,053 [WARNING] AppLogger: No indicator result for key: RSI_input0_params2
2025-06-07 19:58:58,054 [WARNING] AppLogger: No indicator result for key: RSI_input0_params3
2025-06-07 19:58:58,056 [WARNING] AppLogger: No indicator result for key: RSI_input0_params4
2025-06-07 19:58:58,057 [WARNING] AppLogger: No indicator result for key: MACD_input0_params0
2025-06-07 19:58:58,059 [WARNING] AppLogger: No indicator result for key: MACD_input0_params1
2025-06-07 19:58:58,063 [WARNING] AppLogger: No indicator result for key: MACD_input0_params2
2025-06-07 19:58:58,065 [WARNING] AppLogger: No indicator result for key: MACD_input0_params3
2025-06-07 19:58:58,068 [WARNING] AppLogger: No indicator result for key: MACD_input0_params4
2025-06-07 19:58:58,069 [WARNING] AppLogger: No indicator result for key: MACD_input0_params5
2025-06-07 19:58:58,071 [WARNING] AppLogger: No indicator result for key: MACD_input0_params6
2025-06-07 19:58:58,072 [WARNING] AppLogger: No indicator result for key: MACD_input0_params7
2025-06-07 21:15:13,484 [WARNING] AppLogger: No indicator result for key: RSI_input0_params0
2025-06-07 21:15:13,486 [WARNING] AppLogger: No indicator result for key: RSI_input0_params1
2025-06-07 21:15:13,492 [WARNING] AppLogger: No indicator result for key: RSI_input0_params2
2025-06-07 21:15:13,501 [WARNING] AppLogger: No indicator result for key: RSI_input0_params3
2025-06-07 21:15:13,508 [WARNING] AppLogger: No indicator result for key: RSI_input0_params4
2025-06-07 21:15:13,517 [WARNING] AppLogger: No indicator result for key: MACD_input0_params0
2025-06-07 21:15:13,525 [WARNING] AppLogger: No indicator result for key: MACD_input0_params1
2025-06-07 21:15:13,537 [WARNING] AppLogger: No indicator result for key: MACD_input0_params2
2025-06-07 21:15:13,544 [WARNING] AppLogger: No indicator result for key: MACD_input0_params3
2025-06-07 21:15:13,550 [WARNING] AppLogger: No indicator result for key: MACD_input0_params4
2025-06-07 21:15:13,559 [WARNING] AppLogger: No indicator result for key: MACD_input0_params5
2025-06-07 21:15:13,566 [WARNING] AppLogger: No indicator result for key: MACD_input0_params6
2025-06-07 21:15:13,574 [WARNING] AppLogger: No indicator result for key: MACD_input0_params7
2025-06-07 21:22:02,358 [WARNING] AppLogger: No indicator result for key: RSI_input0_params0
2025-06-07 21:22:02,364 [WARNING] AppLogger: No indicator result for key: RSI_input0_params1
2025-06-07 21:22:02,369 [WARNING] AppLogger: No indicator result for key: RSI_input0_params2
2025-06-07 21:22:02,376 [WARNING] AppLogger: No indicator result for key: RSI_input0_params3
2025-06-07 21:22:02,380 [WARNING] AppLogger: No indicator result for key: RSI_input0_params4
2025-06-07 21:22:02,387 [WARNING] AppLogger: No indicator result for key: MACD_input0_params0
2025-06-07 21:22:02,392 [WARNING] AppLogger: No indicator result for key: MACD_input0_params1
2025-06-07 21:22:02,397 [WARNING] AppLogger: No indicator result for key: MACD_input0_params2
2025-06-07 21:22:02,402 [WARNING] AppLogger: No indicator result for key: MACD_input0_params3
2025-06-07 21:22:02,405 [WARNING] AppLogger: No indicator result for key: MACD_input0_params4
2025-06-07 21:22:02,405 [WARNING] AppLogger: No indicator result for key: MACD_input0_params5
2025-06-07 21:22:02,416 [WARNING] AppLogger: No indicator result for key: MACD_input0_params6
2025-06-07 21:22:02,421 [WARNING] AppLogger: No indicator result for key: MACD_input0_params7
2025-06-07 21:23:57,629 [WARNING] AppLogger: No indicator result for key: RSI_input0_params0
2025-06-07 21:23:57,634 [WARNING] AppLogger: No indicator result for key: RSI_input0_params1
2025-06-07 21:23:57,640 [WARNING] AppLogger: No indicator result for key: RSI_input0_params2
2025-06-07 21:23:57,646 [WARNING] AppLogger: No indicator result for key: RSI_input0_params3
2025-06-07 21:23:57,649 [WARNING] AppLogger: No indicator result for key: RSI_input0_params4
2025-06-07 21:23:57,652 [WARNING] AppLogger: No indicator result for key: MACD_input0_params0
2025-06-07 21:23:57,654 [WARNING] AppLogger: No indicator result for key: MACD_input0_params1
2025-06-07 21:23:57,658 [WARNING] AppLogger: No indicator result for key: MACD_input0_params2
2025-06-07 21:23:57,662 [WARNING] AppLogger: No indicator result for key: MACD_input0_params3
2025-06-07 21:23:57,662 [WARNING] AppLogger: No indicator result for key: MACD_input0_params4
2025-06-07 21:23:57,670 [WARNING] AppLogger: No indicator result for key: MACD_input0_params5
2025-06-07 21:23:57,672 [WARNING] AppLogger: No indicator result for key: MACD_input0_params6
2025-06-07 21:23:57,678 [WARNING] AppLogger: No indicator result for key: MACD_input0_params7
2025-06-07 21:24:37,832 [WARNING] AppLogger: No indicator result for key: RSI_input0_params0
2025-06-07 21:24:37,836 [WARNING] AppLogger: No indicator result for key: RSI_input0_params1
2025-06-07 21:24:37,837 [WARNING] AppLogger: No indicator result for key: RSI_input0_params2
2025-06-07 21:24:37,847 [WARNING] AppLogger: No indicator result for key: RSI_input0_params3
2025-06-07 21:24:37,851 [WARNING] AppLogger: No indicator result for key: RSI_input0_params4
2025-06-07 21:24:37,857 [WARNING] AppLogger: No indicator result for key: MACD_input0_params0
2025-06-07 21:24:37,862 [WARNING] AppLogger: No indicator result for key: MACD_input0_params1
2025-06-07 21:24:37,866 [WARNING] AppLogger: No indicator result for key: MACD_input0_params2
2025-06-07 21:24:37,874 [WARNING] AppLogger: No indicator result for key: MACD_input0_params3
2025-06-07 21:24:37,878 [WARNING] AppLogger: No indicator result for key: MACD_input0_params4
2025-06-07 21:24:37,880 [WARNING] AppLogger: No indicator result for key: MACD_input0_params5
2025-06-07 21:24:37,886 [WARNING] AppLogger: No indicator result for key: MACD_input0_params6
2025-06-07 21:24:37,886 [WARNING] AppLogger: No indicator result for key: MACD_input0_params7
2025-06-07 21:30:34,535 [ERROR] AppLogger: Signal generation failed for RSI_input0_params0: 'RSI' object has no attribute 'to_dict'
2025-06-07 21:30:34,546 [ERROR] AppLogger: Signal generation failed for RSI_input0_params1: 'RSI' object has no attribute 'to_dict'
2025-06-07 21:30:34,560 [ERROR] AppLogger: Signal generation failed for RSI_input0_params2: 'RSI' object has no attribute 'to_dict'
2025-06-07 21:30:34,568 [ERROR] AppLogger: Signal generation failed for RSI_input0_params3: 'RSI' object has no attribute 'to_dict'
2025-06-07 21:30:34,576 [ERROR] AppLogger: Signal generation failed for RSI_input0_params4: 'RSI' object has no attribute 'to_dict'
2025-06-07 21:30:34,592 [ERROR] AppLogger: Signal generation failed for MACD_input0_params0: 'MACD' object has no attribute 'to_dict'
2025-06-07 21:30:34,625 [ERROR] AppLogger: Signal generation failed for MACD_input0_params1: 'MACD' object has no attribute 'to_dict'
2025-06-07 21:30:34,641 [ERROR] AppLogger: Signal generation failed for MACD_input0_params2: 'MACD' object has no attribute 'to_dict'
2025-06-07 21:30:34,653 [ERROR] AppLogger: Signal generation failed for MACD_input0_params3: 'MACD' object has no attribute 'to_dict'
2025-06-07 21:30:34,658 [ERROR] AppLogger: Signal generation failed for MACD_input0_params4: 'MACD' object has no attribute 'to_dict'
2025-06-07 21:30:34,674 [ERROR] AppLogger: Signal generation failed for MACD_input0_params5: 'MACD' object has no attribute 'to_dict'
2025-06-07 21:30:34,684 [ERROR] AppLogger: Signal generation failed for MACD_input0_params6: 'MACD' object has no attribute 'to_dict'
2025-06-07 21:30:34,694 [ERROR] AppLogger: Signal generation failed for MACD_input0_params7: 'MACD' object has no attribute 'to_dict'
2025-06-07 21:41:19,118 [ERROR] AppLogger: Exception Occured in Main_Control.py:-'Logger' object is not callable
2025-06-07 21:51:34,759 [ERROR] AppLogger: Exception Occured in Main_Control.py:-'Logger' object is not callable
2025-06-07 21:52:52,254 [ERROR] AppLogger: Signal generation failed for RSI_input0_params0: 'float' object has no attribute 'index'
2025-06-07 21:52:52,269 [ERROR] AppLogger: Signal generation failed for RSI_input0_params1: 'float' object has no attribute 'index'
2025-06-07 21:52:52,277 [ERROR] AppLogger: Signal generation failed for RSI_input0_params2: 'float' object has no attribute 'index'
2025-06-07 21:52:52,294 [ERROR] AppLogger: Signal generation failed for RSI_input0_params3: 'float' object has no attribute 'index'
2025-06-07 21:52:52,305 [ERROR] AppLogger: Signal generation failed for RSI_input0_params4: 'float' object has no attribute 'index'
2025-06-07 21:52:52,305 [WARNING] AppLogger: No indicator result for key: MACD_input0_params0
2025-06-07 21:52:52,312 [WARNING] AppLogger: No indicator result for key: MACD_input0_params1
2025-06-07 21:52:52,312 [WARNING] AppLogger: No indicator result for key: MACD_input0_params2
2025-06-07 21:52:52,321 [WARNING] AppLogger: No indicator result for key: MACD_input0_params3
2025-06-07 21:52:52,321 [WARNING] AppLogger: No indicator result for key: MACD_input0_params4
2025-06-07 21:52:52,326 [WARNING] AppLogger: No indicator result for key: MACD_input0_params5
2025-06-07 21:52:52,329 [WARNING] AppLogger: No indicator result for key: MACD_input0_params6
2025-06-07 21:52:52,333 [WARNING] AppLogger: No indicator result for key: MACD_input0_params7
2025-06-07 21:56:24,021 [ERROR] AppLogger: Signal generation failed for RSI_input0_params0: 'float' object has no attribute 'index'
2025-06-07 21:56:24,352 [ERROR] AppLogger: Signal generation failed for RSI_input0_params1: 'float' object has no attribute 'index'
2025-06-07 21:56:24,989 [ERROR] AppLogger: Signal generation failed for RSI_input0_params2: 'float' object has no attribute 'index'
2025-06-07 21:56:25,452 [ERROR] AppLogger: Signal generation failed for RSI_input0_params3: 'float' object has no attribute 'index'
2025-06-07 21:56:26,067 [ERROR] AppLogger: Signal generation failed for RSI_input0_params4: 'float' object has no attribute 'index'
2025-06-07 21:56:26,700 [WARNING] AppLogger: No indicator result for key: MACD_input0_params0
2025-06-07 21:56:27,283 [WARNING] AppLogger: No indicator result for key: MACD_input0_params1
2025-06-07 21:56:27,876 [WARNING] AppLogger: No indicator result for key: MACD_input0_params2
2025-06-07 21:56:28,494 [WARNING] AppLogger: No indicator result for key: MACD_input0_params3
2025-06-07 21:56:29,133 [WARNING] AppLogger: No indicator result for key: MACD_input0_params4
2025-06-07 21:56:29,730 [WARNING] AppLogger: No indicator result for key: MACD_input0_params5
2025-06-07 21:56:30,327 [WARNING] AppLogger: No indicator result for key: MACD_input0_params6
2025-06-07 21:56:30,920 [WARNING] AppLogger: No indicator result for key: MACD_input0_params7
2025-06-07 21:58:30,075 [WARNING] AppLogger: No indicator result for key: RSI_input0_params0
2025-06-07 21:58:30,660 [WARNING] AppLogger: No indicator result for key: RSI_input0_params1
2025-06-07 21:58:31,367 [WARNING] AppLogger: No indicator result for key: RSI_input0_params2
2025-06-07 21:58:32,049 [WARNING] AppLogger: No indicator result for key: RSI_input0_params3
2025-06-07 21:58:32,630 [WARNING] AppLogger: No indicator result for key: RSI_input0_params4
2025-06-07 21:58:32,924 [ERROR] AppLogger: Signal generation failed for MACD_input0_params0: 'float' object has no attribute 'index'
2025-06-07 21:58:33,264 [ERROR] AppLogger: Signal generation failed for MACD_input0_params1: 'float' object has no attribute 'index'
2025-06-07 21:58:33,574 [ERROR] AppLogger: Signal generation failed for MACD_input0_params2: 'float' object has no attribute 'index'
2025-06-07 21:58:33,891 [ERROR] AppLogger: Signal generation failed for MACD_input0_params3: 'float' object has no attribute 'index'
2025-06-07 21:58:34,182 [ERROR] AppLogger: Signal generation failed for MACD_input0_params4: 'float' object has no attribute 'index'
2025-06-07 21:58:34,483 [ERROR] AppLogger: Signal generation failed for MACD_input0_params5: 'float' object has no attribute 'index'
2025-06-07 21:58:34,779 [ERROR] AppLogger: Signal generation failed for MACD_input0_params6: 'float' object has no attribute 'index'
2025-06-07 21:58:35,090 [ERROR] AppLogger: Signal generation failed for MACD_input0_params7: 'float' object has no attribute 'index'
2025-06-07 21:59:48,383 [WARNING] AppLogger: No indicator result for key: RSI_input0_params0
2025-06-07 21:59:48,691 [WARNING] AppLogger: No indicator result for key: RSI_input0_params1
2025-06-07 21:59:49,123 [WARNING] AppLogger: No indicator result for key: RSI_input0_params2
2025-06-07 21:59:49,836 [WARNING] AppLogger: No indicator result for key: RSI_input0_params3
2025-06-07 21:59:50,414 [WARNING] AppLogger: No indicator result for key: RSI_input0_params4
2025-06-07 21:59:51,002 [ERROR] AppLogger: Signal generation failed for MACD_input0_params0: 'float' object has no attribute 'index'
2025-06-07 21:59:51,534 [ERROR] AppLogger: Signal generation failed for MACD_input0_params1: 'float' object has no attribute 'index'
2025-06-07 21:59:51,850 [ERROR] AppLogger: Signal generation failed for MACD_input0_params2: 'float' object has no attribute 'index'
2025-06-07 21:59:52,164 [ERROR] AppLogger: Signal generation failed for MACD_input0_params3: 'float' object has no attribute 'index'
2025-06-07 21:59:52,459 [ERROR] AppLogger: Signal generation failed for MACD_input0_params4: 'float' object has no attribute 'index'
2025-06-07 21:59:52,798 [ERROR] AppLogger: Signal generation failed for MACD_input0_params5: 'float' object has no attribute 'index'
2025-06-07 21:59:53,285 [ERROR] AppLogger: Signal generation failed for MACD_input0_params6: 'float' object has no attribute 'index'
2025-06-07 21:59:53,754 [ERROR] AppLogger: Signal generation failed for MACD_input0_params7: 'float' object has no attribute 'index'
2025-06-07 22:11:21,459 [WARNING] AppLogger: No indicator result for key: RSI_input0_params0
2025-06-07 22:11:21,918 [WARNING] AppLogger: No indicator result for key: RSI_input0_params1
2025-06-07 22:11:22,218 [WARNING] AppLogger: No indicator result for key: RSI_input0_params2
2025-06-07 22:11:22,490 [WARNING] AppLogger: No indicator result for key: RSI_input0_params3
2025-06-07 22:11:23,001 [WARNING] AppLogger: No indicator result for key: RSI_input0_params4
2025-06-07 22:11:23,633 [WARNING] AppLogger: No indicator result for key: MACD_input0_params0
2025-06-07 22:11:24,060 [WARNING] AppLogger: No indicator result for key: MACD_input0_params1
2025-06-07 22:11:24,346 [WARNING] AppLogger: No indicator result for key: MACD_input0_params2
2025-06-07 22:11:24,911 [WARNING] AppLogger: No indicator result for key: MACD_input0_params3
2025-06-07 22:11:25,483 [WARNING] AppLogger: No indicator result for key: MACD_input0_params4
2025-06-07 22:11:25,840 [WARNING] AppLogger: No indicator result for key: MACD_input0_params5
2025-06-07 22:11:26,406 [WARNING] AppLogger: No indicator result for key: MACD_input0_params6
2025-06-07 22:11:27,026 [WARNING] AppLogger: No indicator result for key: MACD_input0_params7
2025-06-07 22:16:35,370 [ERROR] AppLogger: Signal generation failed for RSI_input0_params0: 'RSI' object has no attribute 'to_dict'
2025-06-07 22:16:35,372 [ERROR] AppLogger: Signal generation failed for RSI_input0_params1: 'RSI' object has no attribute 'to_dict'
2025-06-07 22:16:35,378 [ERROR] AppLogger: Signal generation failed for RSI_input0_params2: 'RSI' object has no attribute 'to_dict'
2025-06-07 22:16:35,380 [ERROR] AppLogger: Signal generation failed for RSI_input0_params3: 'RSI' object has no attribute 'to_dict'
2025-06-07 22:16:35,380 [ERROR] AppLogger: Signal generation failed for RSI_input0_params4: 'RSI' object has no attribute 'to_dict'
2025-06-07 22:16:35,384 [ERROR] AppLogger: Signal generation failed for MACD_input0_params0: 'MACD' object has no attribute 'to_dict'
2025-06-07 22:16:35,387 [ERROR] AppLogger: Signal generation failed for MACD_input0_params1: 'MACD' object has no attribute 'to_dict'
2025-06-07 22:16:35,387 [ERROR] AppLogger: Signal generation failed for MACD_input0_params2: 'MACD' object has no attribute 'to_dict'
2025-06-07 22:16:35,393 [ERROR] AppLogger: Signal generation failed for MACD_input0_params3: 'MACD' object has no attribute 'to_dict'
2025-06-07 22:16:35,396 [ERROR] AppLogger: Signal generation failed for MACD_input0_params4: 'MACD' object has no attribute 'to_dict'
2025-06-07 22:16:35,396 [ERROR] AppLogger: Signal generation failed for MACD_input0_params5: 'MACD' object has no attribute 'to_dict'
2025-06-07 22:16:35,400 [ERROR] AppLogger: Signal generation failed for MACD_input0_params6: 'MACD' object has no attribute 'to_dict'
2025-06-07 22:16:35,406 [ERROR] AppLogger: Signal generation failed for MACD_input0_params7: 'MACD' object has no attribute 'to_dict'
2025-06-07 22:21:33,513 [ERROR] AppLogger: Signal generation failed for RSI_input0_params0: 'RSI' object has no attribute 'to_dict'
2025-06-07 22:21:33,515 [ERROR] AppLogger: Signal generation failed for RSI_input0_params1: 'RSI' object has no attribute 'to_dict'
2025-06-07 22:21:33,516 [ERROR] AppLogger: Signal generation failed for RSI_input0_params2: 'RSI' object has no attribute 'to_dict'
2025-06-07 22:21:33,518 [ERROR] AppLogger: Signal generation failed for RSI_input0_params3: 'RSI' object has no attribute 'to_dict'
2025-06-07 22:21:33,523 [ERROR] AppLogger: Signal generation failed for RSI_input0_params4: 'RSI' object has no attribute 'to_dict'
2025-06-07 22:21:33,527 [ERROR] AppLogger: Signal generation failed for MACD_input0_params0: 'MACD' object has no attribute 'to_dict'
2025-06-07 22:21:33,530 [ERROR] AppLogger: Signal generation failed for MACD_input0_params1: 'MACD' object has no attribute 'to_dict'
2025-06-07 22:21:33,532 [ERROR] AppLogger: Signal generation failed for MACD_input0_params2: 'MACD' object has no attribute 'to_dict'
2025-06-07 22:21:33,536 [ERROR] AppLogger: Signal generation failed for MACD_input0_params3: 'MACD' object has no attribute 'to_dict'
2025-06-07 22:21:33,537 [ERROR] AppLogger: Signal generation failed for MACD_input0_params4: 'MACD' object has no attribute 'to_dict'
2025-06-07 22:21:33,541 [ERROR] AppLogger: Signal generation failed for MACD_input0_params5: 'MACD' object has no attribute 'to_dict'
2025-06-07 22:21:33,546 [ERROR] AppLogger: Signal generation failed for MACD_input0_params6: 'MACD' object has no attribute 'to_dict'
2025-06-07 22:21:33,549 [ERROR] AppLogger: Signal generation failed for MACD_input0_params7: 'MACD' object has no attribute 'to_dict'
2025-06-07 22:24:51,605 [ERROR] AppLogger: Signal generation failed for RSI_input0_params0: The truth value of a Series is ambiguous. Use a.empty, a.bool(), a.item(), a.any() or a.all().
2025-06-07 22:24:51,614 [ERROR] AppLogger: Signal generation failed for RSI_input0_params1: The truth value of a Series is ambiguous. Use a.empty, a.bool(), a.item(), a.any() or a.all().
2025-06-07 22:24:51,621 [ERROR] AppLogger: Signal generation failed for RSI_input0_params2: The truth value of a Series is ambiguous. Use a.empty, a.bool(), a.item(), a.any() or a.all().
2025-06-07 22:24:51,630 [ERROR] AppLogger: Signal generation failed for RSI_input0_params3: The truth value of a Series is ambiguous. Use a.empty, a.bool(), a.item(), a.any() or a.all().
2025-06-07 22:24:51,641 [ERROR] AppLogger: Signal generation failed for RSI_input0_params4: The truth value of a Series is ambiguous. Use a.empty, a.bool(), a.item(), a.any() or a.all().
2025-06-07 22:56:12,639 [WARNING] AppLogger: Could not determine index for key: RSI_input0_params0
2025-06-07 22:56:12,703 [WARNING] AppLogger: Could not determine index for key: RSI_input0_params1
2025-06-07 22:56:12,743 [WARNING] AppLogger: Could not determine index for key: RSI_input0_params2
2025-06-07 22:56:12,778 [WARNING] AppLogger: Could not determine index for key: RSI_input0_params3
2025-06-07 22:56:12,809 [WARNING] AppLogger: Could not determine index for key: RSI_input0_params4
2025-06-07 22:56:12,853 [WARNING] AppLogger: Could not determine index for key: MACD_input0_params0
2025-06-07 22:56:12,889 [WARNING] AppLogger: Could not determine index for key: MACD_input0_params1
2025-06-07 22:56:12,922 [WARNING] AppLogger: Could not determine index for key: MACD_input0_params2
2025-06-07 22:56:12,965 [WARNING] AppLogger: Could not determine index for key: MACD_input0_params3
2025-06-07 22:56:12,997 [WARNING] AppLogger: Could not determine index for key: MACD_input0_params4
2025-06-07 22:56:13,041 [WARNING] AppLogger: Could not determine index for key: MACD_input0_params5
2025-06-07 22:56:13,082 [WARNING] AppLogger: Could not determine index for key: MACD_input0_params6
2025-06-07 22:56:13,105 [WARNING] AppLogger: Could not determine index for key: MACD_input0_params7
